
  .   ____          _            __ _ _
 /\\ / ___'_ __ _ _(_)_ __  __ _ \ \ \ \
( ( )\___ | '_ | '_| | '_ \/ _` | \ \ \ \
 \\/  ___)| |_)| | | | | || (_| |  ) ) ) )
  '  |____| .__|_| |_|_| |_\__, | / / / /
 =========|_|==============|___/=/_/_/_/

 :: Spring Boot ::                (v4.0.0)

2025-11-23T23:19:13.095+01:00  INFO 41220 --- [cityquest-backend] [           main] c.c.c.CityquestBackendApplication        : Starting CityquestBackendApplication v0.0.1-SNAPSHOT using Java 18.0.1 with PID 41220 (/Users/irem/Desktop/cityquest-backend/target/cityquest-backend-0.0.1-SNAPSHOT.jar started by irem in /Users/irem/Desktop/cityquest-backend)
2025-11-23T23:19:13.098+01:00  INFO 41220 --- [cityquest-backend] [           main] c.c.c.CityquestBackendApplication        : No active profile set, falling back to 1 default profile: "default"
2025-11-23T23:19:13.805+01:00  INFO 41220 --- [cityquest-backend] [           main] .s.d.r.c.RepositoryConfigurationDelegate : Bootstrapping Spring Data JPA repositories in DEFAULT mode.
2025-11-23T23:19:13.845+01:00  INFO 41220 --- [cityquest-backend] [           main] .s.d.r.c.RepositoryConfigurationDelegate : Finished Spring Data repository scanning in 33 ms. Found 1 JPA repository interface.
2025-11-23T23:19:14.349+01:00  INFO 41220 --- [cityquest-backend] [           main] o.s.boot.tomcat.TomcatWebServer          : Tomcat initialized with port 8080 (http)
2025-11-23T23:19:14.363+01:00  INFO 41220 --- [cityquest-backend] [           main] o.apache.catalina.core.StandardService   : Starting service [Tomcat]
2025-11-23T23:19:14.363+01:00  INFO 41220 --- [cityquest-backend] [           main] o.apache.catalina.core.StandardEngine    : Starting Servlet engine: [Apache Tomcat/11.0.14]
2025-11-23T23:19:14.385+01:00  INFO 41220 --- [cityquest-backend] [           main] b.w.c.s.WebApplicationContextInitializer : Root WebApplicationContext: initialization completed in 1229 ms
2025-11-23T23:19:14.495+01:00  INFO 41220 --- [cityquest-backend] [           main] o.hibernate.jpa.internal.util.LogHelper  : HHH000204: Processing PersistenceUnitInfo [name: default]
2025-11-23T23:19:14.542+01:00  INFO 41220 --- [cityquest-backend] [           main] org.hibernate.Version                    : HHH000412: Hibernate ORM core version 7.1.8.Final
2025-11-23T23:19:14.956+01:00  INFO 41220 --- [cityquest-backend] [           main] o.s.o.j.p.SpringPersistenceUnitInfo      : No LoadTimeWeaver setup: ignoring JPA class transformer
2025-11-23T23:19:14.984+01:00  INFO 41220 --- [cityquest-backend] [           main] com.zaxxer.hikari.HikariDataSource       : HikariPool-1 - Starting...
2025-11-23T23:19:15.133+01:00  INFO 41220 --- [cityquest-backend] [           main] com.zaxxer.hikari.pool.HikariPool        : HikariPool-1 - Added connection conn0: url=jdbc:h2:mem:cityquestdb user=SA
2025-11-23T23:19:15.134+01:00  INFO 41220 --- [cityquest-backend] [           main] com.zaxxer.hikari.HikariDataSource       : HikariPool-1 - Start completed.
2025-11-23T23:19:15.180+01:00  INFO 41220 --- [cityquest-backend] [           main] org.hibernate.orm.connections.pooling    : HHH10001005: Database info:
	Database JDBC URL [jdbc:h2:mem:cityquestdb]
	Database driver: H2 JDBC Driver
	Database dialect: H2Dialect
	Database version: 2.4.240
	Default catalog/schema: CITYQUESTDB/PUBLIC
	Autocommit mode: undefined/unknown
	Isolation level: READ_COMMITTED [default READ_COMMITTED]
	JDBC fetch size: 100
	Pool: DatasourceConnectionProviderImpl
	Minimum pool size: undefined/unknown
	Maximum pool size: undefined/unknown
2025-11-23T23:19:15.965+01:00  INFO 41220 --- [cityquest-backend] [           main] o.h.e.t.j.p.i.JtaPlatformInitiator       : HHH000489: No JTA platform available (set 'hibernate.transaction.jta.platform' to enable JTA platform integration)
2025-11-23T23:19:16.012+01:00  INFO 41220 --- [cityquest-backend] [           main] j.LocalContainerEntityManagerFactoryBean : Initialized JPA EntityManagerFactory for persistence unit 'default'
2025-11-23T23:19:16.064+01:00  INFO 41220 --- [cityquest-backend] [           main] o.s.d.j.r.query.QueryEnhancerFactories   : Hibernate is in classpath; If applicable, HQL parser will be used.
2025-11-23T23:19:16.269+01:00  INFO 41220 --- [cityquest-backend] [           main] r$InitializeUserDetailsManagerConfigurer : Global AuthenticationManager configured with UserDetailsService bean with name customUserDetailsService
2025-11-23T23:19:16.299+01:00  WARN 41220 --- [cityquest-backend] [           main] JpaBaseConfiguration$JpaWebConfiguration : spring.jpa.open-in-view is enabled by default. Therefore, database queries may be performed during view rendering. Explicitly configure spring.jpa.open-in-view to disable this warning
2025-11-23T23:19:16.763+01:00  INFO 41220 --- [cityquest-backend] [           main] o.s.boot.tomcat.TomcatWebServer          : Tomcat started on port 8080 (http) with context path '/'
2025-11-23T23:19:16.778+01:00  INFO 41220 --- [cityquest-backend] [           main] c.c.c.CityquestBackendApplication        : Started CityquestBackendApplication in 4.065 seconds (process running for 4.674)
2025-11-23T23:19:17.199+01:00  INFO 41220 --- [cityquest-backend] [nio-8080-exec-1] o.a.c.c.C.[Tomcat].[localhost].[/]       : Initializing Spring DispatcherServlet 'dispatcherServlet'
2025-11-23T23:19:17.199+01:00  INFO 41220 --- [cityquest-backend] [nio-8080-exec-1] o.s.web.servlet.DispatcherServlet        : Initializing Servlet 'dispatcherServlet'
2025-11-23T23:19:17.200+01:00  INFO 41220 --- [cityquest-backend] [nio-8080-exec-1] o.s.web.servlet.DispatcherServlet        : Completed initialization in 1 ms
2025-11-23T23:24:08.784+01:00  INFO 41220 --- [cityquest-backend] [ionShutdownHook] o.s.boot.tomcat.GracefulShutdown         : Commencing graceful shutdown. Waiting for active requests to complete
2025-11-23T23:24:08.795+01:00  INFO 41220 --- [cityquest-backend] [tomcat-shutdown] o.s.boot.tomcat.GracefulShutdown         : Graceful shutdown complete
2025-11-23T23:24:08.799+01:00  INFO 41220 --- [cityquest-backend] [ionShutdownHook] j.LocalContainerEntityManagerFactoryBean : Closing JPA EntityManagerFactory for persistence unit 'default'
2025-11-23T23:24:08.802+01:00  INFO 41220 --- [cityquest-backend] [ionShutdownHook] com.zaxxer.hikari.HikariDataSource       : HikariPool-1 - Shutdown initiated...
2025-11-23T23:24:08.804+01:00  INFO 41220 --- [cityquest-backend] [ionShutdownHook] com.zaxxer.hikari.HikariDataSource       : HikariPool-1 - Shutdown completed.
